[2025-09-22T04:55:03.179+0000] {local_task_job_runner.py:123} INFO - ::group::Pre task execution logs
[2025-09-22T04:55:03.298+0000] {taskinstance.py:2631} INFO - Dependencies all met for dep_context=non-requeueable deps ti=<TaskInstance: create_data.export_file manual__2025-09-22T04:55:00.024851+00:00 [queued]>
[2025-09-22T04:55:03.304+0000] {taskinstance.py:2631} INFO - Dependencies all met for dep_context=requeueable deps ti=<TaskInstance: create_data.export_file manual__2025-09-22T04:55:00.024851+00:00 [queued]>
[2025-09-22T04:55:03.304+0000] {taskinstance.py:2884} INFO - Starting attempt 1 of 1
[2025-09-22T04:55:03.312+0000] {taskinstance.py:2907} INFO - Executing <Task(_PythonDecoratedOperator): export_file> on 2025-09-22 04:55:00.024851+00:00
[2025-09-22T04:55:03.317+0000] {warnings.py:112} WARNING - /home/***/.local/lib/python3.12/site-packages/***/task/task_runner/standard_task_runner.py:70: DeprecationWarning: This process (pid=117) is multi-threaded, use of fork() may lead to deadlocks in the child.
  pid = os.fork()

[2025-09-22T04:55:03.318+0000] {standard_task_runner.py:104} INFO - Running: ['***', 'tasks', 'run', 'create_data', 'export_file', 'manual__2025-09-22T04:55:00.024851+00:00', '--job-id', '81', '--raw', '--subdir', 'DAGS_FOLDER/add_data.py', '--cfg-path', '/tmp/tmpjrm9ybah']
[2025-09-22T04:55:03.318+0000] {standard_task_runner.py:72} INFO - Started process 120 to run task
[2025-09-22T04:55:03.319+0000] {standard_task_runner.py:105} INFO - Job 81: Subtask export_file
[2025-09-22T04:55:03.339+0000] {task_command.py:467} INFO - Running <TaskInstance: create_data.export_file manual__2025-09-22T04:55:00.024851+00:00 [running]> on host 39f353ca7873
[2025-09-22T04:55:03.374+0000] {taskinstance.py:3157} INFO - Exporting env vars: AIRFLOW_CTX_DAG_OWNER='***' AIRFLOW_CTX_DAG_ID='create_data' AIRFLOW_CTX_TASK_ID='export_file' AIRFLOW_CTX_EXECUTION_DATE='2025-09-22T04:55:00.024851+00:00' AIRFLOW_CTX_TRY_NUMBER='1' AIRFLOW_CTX_DAG_RUN_ID='manual__2025-09-22T04:55:00.024851+00:00'
[2025-09-22T04:55:03.374+0000] {logging_mixin.py:190} INFO - Task instance is in running state
[2025-09-22T04:55:03.375+0000] {logging_mixin.py:190} INFO -  Previous state of the Task instance: queued
[2025-09-22T04:55:03.375+0000] {logging_mixin.py:190} INFO - Current task name:export_file state:running start_date:2025-09-22 04:55:03.299374+00:00
[2025-09-22T04:55:03.375+0000] {logging_mixin.py:190} INFO - Dag name:create_data and current dag run status:running
[2025-09-22T04:55:03.375+0000] {taskinstance.py:740} INFO - ::endgroup::
[2025-09-22T04:55:03.375+0000] {generate_fuel_exports.py:61} INFO - Ensured output directory exists: "/opt/***/data"
[2025-09-22T04:55:03.376+0000] {add_data.py:68} INFO - Generating 300 rows into /opt/***/data
[2025-09-22T04:55:03.407+0000] {generate_fuel_exports.py:161} INFO - Wrote file: /opt/***/data/fuel_export_20250922_045503.parquet | rows=300 | cols=17 | size=34091 bytes
[2025-09-22T04:55:03.407+0000] {add_data.py:71} INFO - File generation completed
[2025-09-22T04:55:03.425+0000] {add_data.py:117} INFO - Inserted 300 rows into Postgres
[2025-09-22T04:55:03.425+0000] {python.py:240} INFO - Done. Returned value was: None
[2025-09-22T04:55:03.430+0000] {taskinstance.py:349} INFO - ::group::Post task execution logs
[2025-09-22T04:55:03.431+0000] {taskinstance.py:361} INFO - Marking task as SUCCESS. dag_id=create_data, task_id=export_file, run_id=manual__2025-09-22T04:55:00.024851+00:00, execution_date=20250922T045500, start_date=20250922T045503, end_date=20250922T045503
[2025-09-22T04:55:03.439+0000] {logging_mixin.py:190} INFO - Task instance in success state
[2025-09-22T04:55:03.439+0000] {logging_mixin.py:190} INFO -  Previous state of the Task instance: running
[2025-09-22T04:55:03.440+0000] {logging_mixin.py:190} INFO - Dag name:create_data queued_at:2025-09-22 04:55:00.059922+00:00
[2025-09-22T04:55:03.440+0000] {logging_mixin.py:190} INFO - Task hostname:39f353ca7873 operator:_PythonDecoratedOperator
[2025-09-22T04:55:03.461+0000] {local_task_job_runner.py:266} INFO - Task exited with return code 0
[2025-09-22T04:55:03.473+0000] {taskinstance.py:3924} INFO - 0 downstream tasks scheduled from follow-on schedule check
[2025-09-22T04:55:03.474+0000] {local_task_job_runner.py:245} INFO - ::endgroup::
