[2025-09-22T04:54:33.220+0000] {local_task_job_runner.py:123} INFO - ::group::Pre task execution logs
[2025-09-22T04:54:33.300+0000] {taskinstance.py:2631} INFO - Dependencies all met for dep_context=non-requeueable deps ti=<TaskInstance: create_data.create_table manual__2025-09-22T04:54:31.737576+00:00 [queued]>
[2025-09-22T04:54:33.303+0000] {taskinstance.py:2631} INFO - Dependencies all met for dep_context=requeueable deps ti=<TaskInstance: create_data.create_table manual__2025-09-22T04:54:31.737576+00:00 [queued]>
[2025-09-22T04:54:33.303+0000] {taskinstance.py:2884} INFO - Starting attempt 1 of 1
[2025-09-22T04:54:33.308+0000] {taskinstance.py:2907} INFO - Executing <Task(_PythonDecoratedOperator): create_table> on 2025-09-22 04:54:31.737576+00:00
[2025-09-22T04:54:33.315+0000] {warnings.py:112} WARNING - /home/***/.local/lib/python3.12/site-packages/***/task/task_runner/standard_task_runner.py:70: DeprecationWarning: This process (pid=93) is multi-threaded, use of fork() may lead to deadlocks in the child.
  pid = os.fork()

[2025-09-22T04:54:33.316+0000] {standard_task_runner.py:72} INFO - Started process 95 to run task
[2025-09-22T04:54:33.317+0000] {standard_task_runner.py:104} INFO - Running: ['***', 'tasks', 'run', 'create_data', 'create_table', 'manual__2025-09-22T04:54:31.737576+00:00', '--job-id', '77', '--raw', '--subdir', 'DAGS_FOLDER/add_data.py', '--cfg-path', '/tmp/tmp6tdq870l']
[2025-09-22T04:54:33.317+0000] {standard_task_runner.py:105} INFO - Job 77: Subtask create_table
[2025-09-22T04:54:33.348+0000] {task_command.py:467} INFO - Running <TaskInstance: create_data.create_table manual__2025-09-22T04:54:31.737576+00:00 [running]> on host 39f353ca7873
[2025-09-22T04:54:33.386+0000] {taskinstance.py:3157} INFO - Exporting env vars: AIRFLOW_CTX_DAG_OWNER='***' AIRFLOW_CTX_DAG_ID='create_data' AIRFLOW_CTX_TASK_ID='create_table' AIRFLOW_CTX_EXECUTION_DATE='2025-09-22T04:54:31.737576+00:00' AIRFLOW_CTX_TRY_NUMBER='1' AIRFLOW_CTX_DAG_RUN_ID='manual__2025-09-22T04:54:31.737576+00:00'
[2025-09-22T04:54:33.386+0000] {logging_mixin.py:190} INFO - Task instance is in running state
[2025-09-22T04:54:33.386+0000] {logging_mixin.py:190} INFO -  Previous state of the Task instance: queued
[2025-09-22T04:54:33.387+0000] {logging_mixin.py:190} INFO - Current task name:create_table state:running start_date:2025-09-22 04:54:33.300437+00:00
[2025-09-22T04:54:33.387+0000] {logging_mixin.py:190} INFO - Dag name:create_data and current dag run status:running
[2025-09-22T04:54:33.387+0000] {taskinstance.py:740} INFO - ::endgroup::
[2025-09-22T04:54:33.388+0000] {add_data.py:57} INFO - Table fuel_transactions created or already exists
[2025-09-22T04:54:33.388+0000] {python.py:240} INFO - Done. Returned value was: None
[2025-09-22T04:54:33.392+0000] {taskinstance.py:349} INFO - ::group::Post task execution logs
[2025-09-22T04:54:33.392+0000] {taskinstance.py:361} INFO - Marking task as SUCCESS. dag_id=create_data, task_id=create_table, run_id=manual__2025-09-22T04:54:31.737576+00:00, execution_date=20250922T045431, start_date=20250922T045433, end_date=20250922T045433
[2025-09-22T04:54:33.399+0000] {logging_mixin.py:190} INFO - Task instance in success state
[2025-09-22T04:54:33.399+0000] {logging_mixin.py:190} INFO -  Previous state of the Task instance: running
[2025-09-22T04:54:33.399+0000] {logging_mixin.py:190} INFO - Dag name:create_data queued_at:2025-09-22 04:54:31.761900+00:00
[2025-09-22T04:54:33.400+0000] {logging_mixin.py:190} INFO - Task hostname:39f353ca7873 operator:_PythonDecoratedOperator
[2025-09-22T04:54:33.419+0000] {local_task_job_runner.py:266} INFO - Task exited with return code 0
[2025-09-22T04:54:33.429+0000] {taskinstance.py:3924} INFO - 1 downstream tasks scheduled from follow-on schedule check
[2025-09-22T04:54:33.430+0000] {local_task_job_runner.py:245} INFO - ::endgroup::
